El fichero adduser.conf se ha copiado satisfactoriamente
El fichero adjtime se ha copiado satisfactoriamente
El fichero aliases se ha copiado satisfactoriamente
El fichero apg.conf se ha copiado satisfactoriamente
El fichero appstream.conf se ha copiado satisfactoriamente
El fichero bash.bashrc se ha copiado satisfactoriamente
El fichero bash_completion se ha copiado satisfactoriamente
El fichero bindresvport.blacklist se ha copiado satisfactoriamente
El fichero ca-certificates.conf se ha copiado satisfactoriamente
El fichero crontab se ha copiado satisfactoriamente
El fichero crypttab se ha copiado satisfactoriamente
El fichero debconf.conf se ha copiado satisfactoriamente
El fichero debian_version se ha copiado satisfactoriamente
El fichero deluser.conf se ha copiado satisfactoriamente
El fichero dleyna-server-service.conf se ha copiado satisfactoriamente
El fichero dns2tcpd.conf se ha copiado satisfactoriamente
El fichero e2scrub.conf se ha copiado satisfactoriamente
El fichero email-addresses se ha copiado satisfactoriamente
El fichero environment se ha copiado satisfactoriamente
El fichero fstab se ha copiado satisfactoriamente
El fichero fuse.conf se ha copiado satisfactoriamente
El fichero gai.conf se ha copiado satisfactoriamente
El fichero group se ha copiado satisfactoriamente
El fichero group- se ha copiado satisfactoriamente
El fichero gshadow se ha copiado satisfactoriamente
El fichero gshadow- se ha copiado satisfactoriamente
El fichero gssapi_mech.conf se ha copiado satisfactoriamente
El fichero hdparm.conf se ha copiado satisfactoriamente
El fichero host.conf se ha copiado satisfactoriamente
El fichero hostname se ha copiado satisfactoriamente
El fichero hosts se ha copiado satisfactoriamente
El fichero hosts.allow se ha copiado satisfactoriamente
El fichero hosts.deny se ha copiado satisfactoriamente
El fichero idmapd.conf se ha copiado satisfactoriamente
El fichero inputrc se ha copiado satisfactoriamente
El fichero issue se ha copiado satisfactoriamente
El fichero issue.net se ha copiado satisfactoriamente
El fichero ld.so.cache se ha copiado satisfactoriamente
El fichero ld.so.conf se ha copiado satisfactoriamente
El fichero libao.conf se ha copiado satisfactoriamente
El fichero libaudit.conf se ha copiado satisfactoriamente
El fichero libccid_Info.plist se ha copiado satisfactoriamente
El fichero locale.alias se ha copiado satisfactoriamente
El fichero locale.gen se ha copiado satisfactoriamente
El fichero login.defs se ha copiado satisfactoriamente
El fichero logrotate.conf se ha copiado satisfactoriamente
El fichero machine-id se ha copiado satisfactoriamente
El fichero magic se ha copiado satisfactoriamente
El fichero magic.mime se ha copiado satisfactoriamente
El fichero mailcap se ha copiado satisfactoriamente
El fichero mailcap.order se ha copiado satisfactoriamente
El fichero mailname se ha copiado satisfactoriamente
El fichero manpath.config se ha copiado satisfactoriamente
El fichero matplotlibrc se ha copiado satisfactoriamente
El fichero mime.types se ha copiado satisfactoriamente
El fichero miredo.conf se ha copiado satisfactoriamente
El fichero mke2fs.conf se ha copiado satisfactoriamente
El fichero modules se ha copiado satisfactoriamente
El fichero motd se ha copiado satisfactoriamente
El fichero nanorc se ha copiado satisfactoriamente
El fichero netconfig se ha copiado satisfactoriamente
El fichero networks se ha copiado satisfactoriamente
El fichero nikto.conf se ha copiado satisfactoriamente
El fichero nsswitch.conf se ha copiado satisfactoriamente
El fichero ntp.conf se ha copiado satisfactoriamente
El fichero pam.conf se ha copiado satisfactoriamente
El fichero papersize se ha copiado satisfactoriamente
El fichero passwd se ha copiado satisfactoriamente
El fichero passwd- se ha copiado satisfactoriamente
El fichero profile se ha copiado satisfactoriamente
El fichero protocols se ha copiado satisfactoriamente
El fichero proxychains.conf se ha copiado satisfactoriamente
El fichero rearj.cfg se ha copiado satisfactoriamente
El fichero redsocks.conf se ha copiado satisfactoriamente
El fichero reportbug.conf se ha copiado satisfactoriamente
El fichero request-key.conf se ha copiado satisfactoriamente
El fichero resolv.conf se ha copiado satisfactoriamente
El fichero rlinetd.conf se ha copiado satisfactoriamente
El fichero rpc se ha copiado satisfactoriamente
El fichero rsyslog.conf se ha copiado satisfactoriamente
El fichero rygel.conf se ha copiado satisfactoriamente
El fichero screenrc se ha copiado satisfactoriamente
El fichero sddm.conf se ha copiado satisfactoriamente
El fichero searchsploit_rc se ha copiado satisfactoriamente
El fichero sensors3.conf se ha copiado satisfactoriamente
El fichero services se ha copiado satisfactoriamente
El fichero shadow se ha copiado satisfactoriamente
El fichero shadow- se ha copiado satisfactoriamente
El fichero shells se ha copiado satisfactoriamente
El fichero smartd.conf se ha copiado satisfactoriamente
El fichero smi.conf se ha copiado satisfactoriamente
El fichero sparta.conf se ha copiado satisfactoriamente
El fichero subgid se ha copiado satisfactoriamente
El fichero subuid se ha copiado satisfactoriamente
El fichero sudoers se ha copiado satisfactoriamente
El fichero sysctl.conf se ha copiado satisfactoriamente
El fichero timezone se ha copiado satisfactoriamente
El fichero ucf.conf se ha copiado satisfactoriamente
El fichero updatedb.conf se ha copiado satisfactoriamente
El fichero usb_modeswitch.conf se ha copiado satisfactoriamente
El fichero vdpau_wrapper.cfg se ha copiado satisfactoriamente
El fichero wgetrc se ha copiado satisfactoriamente
El fichero xattr.conf se ha copiado satisfactoriamente
